<?xml version="1.0" encoding="UTF-8"?>
<!-- Generated by org.testng.reporters.JUnitXMLReporter -->
<testsuite ignored="0" hostname="ADMINRG-06621P6" failures="2" tests="8" name="Surefire test" time="129.66" errors="0" timestamp="2025-11-07T11:33:15 IST">
  <testcase classname="testCases.TC001_AccountRegistration_Test" name="verify_account_registriation" time="9.285"/>
  <testcase classname="testCases.TC002_Login_Test" name="verify_login" time="7.138"/>
  <testcase classname="testCases.TC003_Datadriven_Test" name="verify_Datadriven_Test" time="3.39"/>
  <testcase classname="testCases.TC003_Datadriven_Test" name="verify_Datadriven_Test" time="2.839">
    <failure type="java.lang.AssertionError" message="expected [true] but found [false]">
      <![CDATA[java.lang.AssertionError: expected [true] but found [false]
at testCases.TC003_Datadriven_Test.verify_Datadriven_Test(TC003_Datadriven_Test.java:101)
at java.base/java.util.ArrayList.forEach(ArrayList.java:1596)
... Removed 34 stack frames]]>
    </failure>
  </testcase> <!-- verify_Datadriven_Test -->
  <testcase classname="testCases.TC003_Datadriven_Test" name="verify_Datadriven_Test" time="2.861">
    <failure type="java.lang.AssertionError" message="expected [true] but found [false]">
      <![CDATA[java.lang.AssertionError: expected [true] but found [false]
at testCases.TC003_Datadriven_Test.verify_Datadriven_Test(TC003_Datadriven_Test.java:101)
at java.base/java.util.ArrayList.forEach(ArrayList.java:1596)
... Removed 34 stack frames]]>
    </failure>
  </testcase> <!-- verify_Datadriven_Test -->
  <testcase classname="testCases.TC003_Datadriven_Test" name="verify_Datadriven_Test" time="12.497"/>
  <testcase classname="testCases.TC003_Datadriven_Test" name="verify_Datadriven_Test" time="2.687"/>
  <testcase classname="testCases.TC003_Datadriven_Test" name="verify_Datadriven_Test" time="12.013"/>
</testsuite> <!-- Surefire test -->
