<?xml version="1.0" encoding="UTF-8"?>
<!-- Generated by org.testng.reporters.JUnitXMLReporter -->
<testsuite ignored="0" hostname="ADMINRG-06621P6" failures="1" tests="2" name="Groupingtests" time="55.249" errors="0" timestamp="2025-11-04T22:52:52 IST">
  <testcase classname="testCases.TC001_AccountRegistration_Test" name="verify_account_registriation" time="4.21"/>
  <testcase classname="testCases.TC002_Login_Test" name="verify_login" time="22.476">
    <failure type="java.lang.AssertionError" message="Test Failed expected [true] but found [false]">
      <![CDATA[java.lang.AssertionError: Test Failed expected [true] but found [false]
at testCases.TC002_Login_Test.verify_login(TC002_Login_Test.java:50)
at java.base/java.util.ArrayList.forEach(ArrayList.java:1596)
... Removed 31 stack frames]]>
    </failure>
  </testcase> <!-- verify_login -->
</testsuite> <!-- Groupingtests -->
