<?xml version="1.0" encoding="UTF-8"?>
<!-- Generated by org.testng.reporters.JUnitXMLReporter -->
<testsuite ignored="0" hostname="ADMINRG-06621P6" failures="1" tests="1" name="Test" time="67.759" errors="0" timestamp="2025-10-23T20:40:02 IST">
  <testcase classname="testCases.TC002_Login_Test" name="verify_login" time="19.541">
    <failure type="java.lang.AssertionError" message="null">
      <![CDATA[java.lang.AssertionError: null
at testCases.TC002_Login_Test.verify_login(TC002_Login_Test.java:57)
at java.base/java.util.ArrayList.forEach(ArrayList.java:1596)
... Removed 27 stack frames]]>
    </failure>
  </testcase> <!-- verify_login -->
</testsuite> <!-- Test -->
