11:24:53.846 [main] INFO  org.testng.internal.Utils - [Utils] MethodGroupsHelper.collectMethodsByGroup() took 0 ms.
11:24:53.887 [main] INFO  org.testng.internal.Utils - [Utils] MethodGroupsHelper.sortMethods() took 0 ms.
11:24:53.889 [main] INFO  org.testng.internal.Utils - [Utils] MethodGroupsHelper.collectMethodsByGroup() took 0 ms.
11:24:53.889 [main] INFO  org.testng.internal.Utils - [Utils] MethodGroupsHelper.sortMethods() took 0 ms.
11:24:53.897 [main] INFO  org.testng.internal.Utils - [Utils] MethodGroupsHelper.collectMethodsByGroup() took 0 ms.
11:24:53.899 [main] INFO  org.testng.internal.Utils - [Utils] MethodGroupsHelper.sortMethods() took 0 ms.
11:24:53.901 [main] INFO  org.testng.internal.Utils - [Utils] MethodGroupsHelper.collectMethodsByGroup() took 0 ms.
11:24:53.902 [main] INFO  org.testng.internal.Utils - [Utils] MethodGroupsHelper.sortMethods() took 0 ms.
11:24:53.925 [main] INFO  org.testng.internal.Utils - [Utils] MethodGroupsHelper.collectMethodsByGroup() took 0 ms.
11:24:53.925 [main] INFO  org.testng.internal.Utils - [Utils] MethodGroupsHelper.sortMethods() took 0 ms.
11:24:53.926 [main] INFO  org.testng.internal.Utils - [Utils] MethodGroupsHelper.collectMethodsByGroup() took 0 ms.
11:24:53.926 [main] INFO  org.testng.internal.Utils - [Utils] MethodGroupsHelper.sortMethods() took 0 ms.
11:24:53.930 [main] INFO  org.testng.internal.Utils - [Utils] MethodGroupsHelper.collectMethodsByGroup() took 1 ms.
11:24:53.931 [main] INFO  org.testng.internal.Utils - [Utils] MethodGroupsHelper.sortMethods() took 1 ms.
11:24:53.936 [main] INFO  org.testng.internal.Utils - [Utils] MethodGroupsHelper.collectMethodsByGroup() took 0 ms.
11:24:53.937 [main] INFO  org.testng.internal.Utils - [Utils] MethodGroupsHelper.sortMethods() took 0 ms.
11:24:53.938 [main] INFO  org.testng.internal.Utils - [Utils] MethodGroupsHelper.collectMethodsByGroup() took 0 ms.
11:24:53.938 [main] INFO  org.testng.internal.Utils - [Utils] MethodGroupsHelper.sortMethods() took 0 ms.
11:24:53.965 [main] INFO  org.testng.internal.Utils - [TestNG] Running:
  C:\Users\Samson\AppData\Local\Temp\testng-eclipse--1230280056\testng-customsuite.xml

11:24:54.037 [main] INFO  org.testng.internal.Utils - [Utils] DynamicGraphHelper.createDynamicGraph() took 24 ms.
11:25:30.539 [main] INFO  testCases.TC001_AccountRegistration_Test - ++++++ Starting verify_account_registriation ++++++
11:25:32.152 [main] INFO  testCases.TC001_AccountRegistration_Test - Clicked on My account link
11:25:33.205 [main] INFO  testCases.TC001_AccountRegistration_Test - Clicked on Register link
11:25:33.302 [main] INFO  testCases.TC001_AccountRegistration_Test - Providing registration info
11:25:36.570 [main] INFO  testCases.TC001_AccountRegistration_Test - Clicked on continue
11:25:36.571 [main] INFO  testCases.TC001_AccountRegistration_Test - Validating expected msg
11:25:36.572 [main] INFO  testCases.TC001_AccountRegistration_Test - +++ Finished verify_account_registriation ++++++ 
11:25:40.874 [main] INFO  org.testng.internal.Utils - [TestNG] Time taken by org.testng.reporters.jq.Main@56ba8773: 1645 ms
11:25:40.875 [main] INFO  org.testng.internal.Utils - [TestNG] Time taken by org.testng.reporters.FailedReporter@6ceb7b5e: 1 ms
11:25:40.922 [main] INFO  org.testng.internal.Utils - [TestNG] Time taken by org.testng.reporters.XMLReporter@6d3c232f: 46 ms
11:25:40.933 [main] INFO  org.testng.internal.Utils - [TestNG] Time taken by org.testng.reporters.EmailableReporter2@29fc1a2b: 11 ms
11:25:40.967 [main] INFO  org.testng.internal.Utils - [TestNG] Time taken by org.testng.reporters.JUnitReportReporter@4fe875be: 33 ms
11:25:40.968 [main] INFO  org.testng.internal.Utils - [TestNG] Time taken by org.testng.internal.ExitCodeListener@677b8e13: 1 ms
11:51:00.265 [main] INFO  org.testng.internal.Utils - [Utils] MethodGroupsHelper.collectMethodsByGroup() took 2 ms.
11:51:00.285 [main] INFO  org.testng.internal.Utils - [Utils] MethodGroupsHelper.sortMethods() took 5 ms.
11:51:00.293 [main] INFO  org.testng.internal.Utils - [Utils] MethodGroupsHelper.collectMethodsByGroup() took 0 ms.
11:51:00.294 [main] INFO  org.testng.internal.Utils - [Utils] MethodGroupsHelper.sortMethods() took 0 ms.
11:51:00.296 [main] INFO  org.testng.internal.Utils - [Utils] MethodGroupsHelper.collectMethodsByGroup() took 0 ms.
11:51:00.297 [main] INFO  org.testng.internal.Utils - [Utils] MethodGroupsHelper.sortMethods() took 0 ms.
11:51:00.299 [main] INFO  org.testng.internal.Utils - [Utils] MethodGroupsHelper.collectMethodsByGroup() took 0 ms.
11:51:00.300 [main] INFO  org.testng.internal.Utils - [Utils] MethodGroupsHelper.sortMethods() took 0 ms.
11:51:00.328 [main] INFO  org.testng.internal.Utils - [Utils] MethodGroupsHelper.collectMethodsByGroup() took 22 ms.
11:51:00.376 [main] INFO  org.testng.internal.Utils - [Utils] MethodGroupsHelper.sortMethods() took 46 ms.
11:51:00.390 [main] INFO  org.testng.internal.Utils - [Utils] MethodGroupsHelper.collectMethodsByGroup() took 1 ms.
11:51:00.392 [main] INFO  org.testng.internal.Utils - [Utils] MethodGroupsHelper.sortMethods() took 1 ms.
11:51:00.428 [main] INFO  org.testng.internal.Utils - [Utils] MethodGroupsHelper.collectMethodsByGroup() took 0 ms.
11:51:00.428 [main] INFO  org.testng.internal.Utils - [Utils] MethodGroupsHelper.sortMethods() took 0 ms.
11:51:00.430 [main] INFO  org.testng.internal.Utils - [Utils] MethodGroupsHelper.collectMethodsByGroup() took 0 ms.
11:51:00.431 [main] INFO  org.testng.internal.Utils - [Utils] MethodGroupsHelper.sortMethods() took 0 ms.
11:51:00.445 [main] INFO  org.testng.internal.Utils - [Utils] MethodGroupsHelper.collectMethodsByGroup() took 0 ms.
11:51:00.446 [main] INFO  org.testng.internal.Utils - [Utils] MethodGroupsHelper.sortMethods() took 0 ms.
11:51:00.448 [main] INFO  org.testng.internal.Utils - [Utils] MethodGroupsHelper.collectMethodsByGroup() took 0 ms.
11:51:00.448 [main] INFO  org.testng.internal.Utils - [Utils] MethodGroupsHelper.sortMethods() took 0 ms.
11:51:00.459 [main] INFO  org.testng.internal.Utils - [Utils] MethodGroupsHelper.collectMethodsByGroup() took 0 ms.
11:51:00.468 [main] INFO  org.testng.internal.Utils - [Utils] MethodGroupsHelper.sortMethods() took 0 ms.
11:51:00.469 [main] INFO  org.testng.internal.Utils - [Utils] MethodGroupsHelper.collectMethodsByGroup() took 0 ms.
11:51:00.469 [main] INFO  org.testng.internal.Utils - [Utils] MethodGroupsHelper.sortMethods() took 0 ms.
11:51:00.472 [main] INFO  org.testng.internal.Utils - [Utils] MethodGroupsHelper.collectMethodsByGroup() took 1 ms.
11:51:00.473 [main] INFO  org.testng.internal.Utils - [Utils] MethodGroupsHelper.sortMethods() took 1 ms.
11:51:00.478 [main] INFO  org.testng.internal.Utils - [Utils] MethodGroupsHelper.collectMethodsByGroup() took 0 ms.
11:51:00.478 [main] INFO  org.testng.internal.Utils - [Utils] MethodGroupsHelper.sortMethods() took 0 ms.
11:51:00.479 [main] INFO  org.testng.internal.Utils - [Utils] MethodGroupsHelper.collectMethodsByGroup() took 0 ms.
11:51:00.479 [main] INFO  org.testng.internal.Utils - [Utils] MethodGroupsHelper.sortMethods() took 0 ms.
11:51:00.509 [main] INFO  org.testng.internal.Utils - [TestNG] Running:
  C:\Users\Samson\AppData\Local\Temp\testng-eclipse--792583592\testng-customsuite.xml

11:51:00.565 [main] INFO  org.testng.internal.Utils - [Utils] DynamicGraphHelper.createDynamicGraph() took 9 ms.
11:51:19.799 [main] INFO  testCases.TC001_AccountRegistration_Test - ++++++ Starting verify_account_registriation ++++++
11:51:20.626 [main] INFO  testCases.TC001_AccountRegistration_Test - Clicked on My account link
11:51:22.109 [main] INFO  testCases.TC001_AccountRegistration_Test - Clicked on Register link
11:51:22.125 [main] INFO  testCases.TC001_AccountRegistration_Test - Providing registration info
11:51:25.105 [main] INFO  testCases.TC001_AccountRegistration_Test - Clicked on continue
11:51:25.106 [main] INFO  testCases.TC001_AccountRegistration_Test - Validating expected msg
11:51:25.107 [main] INFO  testCases.TC001_AccountRegistration_Test - +++ Finished verify_account_registriation ++++++ 
11:51:26.295 [main] INFO  org.testng.internal.Utils - [TestNG] Time taken by org.testng.reporters.jq.Main@4cd1c1dc: 348 ms
11:51:26.297 [main] INFO  org.testng.internal.Utils - [TestNG] Time taken by org.testng.reporters.FailedReporter@47f08b81: 1 ms
11:51:26.328 [main] INFO  org.testng.internal.Utils - [TestNG] Time taken by org.testng.reporters.XMLReporter@7dd00705: 30 ms
11:51:26.348 [main] INFO  org.testng.internal.Utils - [TestNG] Time taken by org.testng.reporters.EmailableReporter2@53692008: 19 ms
11:51:26.372 [main] INFO  org.testng.internal.Utils - [TestNG] Time taken by org.testng.reporters.JUnitReportReporter@383790cf: 24 ms
11:51:26.373 [main] INFO  org.testng.internal.Utils - [TestNG] Time taken by org.testng.internal.ExitCodeListener@74971ed9: 0 ms
11:53:47.053 [main] INFO  org.testng.internal.Utils - [Utils] MethodGroupsHelper.collectMethodsByGroup() took 1 ms.
11:53:47.068 [main] INFO  org.testng.internal.Utils - [Utils] MethodGroupsHelper.sortMethods() took 4 ms.
11:53:47.073 [main] INFO  org.testng.internal.Utils - [Utils] MethodGroupsHelper.collectMethodsByGroup() took 0 ms.
11:53:47.073 [main] INFO  org.testng.internal.Utils - [Utils] MethodGroupsHelper.sortMethods() took 0 ms.
11:53:47.075 [main] INFO  org.testng.internal.Utils - [Utils] MethodGroupsHelper.collectMethodsByGroup() took 0 ms.
11:53:47.076 [main] INFO  org.testng.internal.Utils - [Utils] MethodGroupsHelper.sortMethods() took 0 ms.
11:53:47.077 [main] INFO  org.testng.internal.Utils - [Utils] MethodGroupsHelper.collectMethodsByGroup() took 0 ms.
11:53:47.078 [main] INFO  org.testng.internal.Utils - [Utils] MethodGroupsHelper.sortMethods() took 0 ms.
11:53:47.097 [main] INFO  org.testng.internal.Utils - [Utils] MethodGroupsHelper.collectMethodsByGroup() took 15 ms.
11:53:47.121 [main] INFO  org.testng.internal.Utils - [Utils] MethodGroupsHelper.sortMethods() took 23 ms.
11:53:47.126 [main] INFO  org.testng.internal.Utils - [Utils] MethodGroupsHelper.collectMethodsByGroup() took 1 ms.
11:53:47.127 [main] INFO  org.testng.internal.Utils - [Utils] MethodGroupsHelper.sortMethods() took 0 ms.
11:53:47.130 [main] INFO  org.testng.internal.Utils - [Utils] MethodGroupsHelper.collectMethodsByGroup() took 0 ms.
11:53:47.130 [main] INFO  org.testng.internal.Utils - [Utils] MethodGroupsHelper.sortMethods() took 0 ms.
11:53:47.132 [main] INFO  org.testng.internal.Utils - [Utils] MethodGroupsHelper.collectMethodsByGroup() took 0 ms.
11:53:47.132 [main] INFO  org.testng.internal.Utils - [Utils] MethodGroupsHelper.sortMethods() took 0 ms.
11:53:47.137 [main] INFO  org.testng.internal.Utils - [Utils] MethodGroupsHelper.collectMethodsByGroup() took 0 ms.
11:53:47.137 [main] INFO  org.testng.internal.Utils - [Utils] MethodGroupsHelper.sortMethods() took 0 ms.
11:53:47.139 [main] INFO  org.testng.internal.Utils - [Utils] MethodGroupsHelper.collectMethodsByGroup() took 0 ms.
11:53:47.139 [main] INFO  org.testng.internal.Utils - [Utils] MethodGroupsHelper.sortMethods() took 0 ms.
11:53:47.147 [main] INFO  org.testng.internal.Utils - [Utils] MethodGroupsHelper.collectMethodsByGroup() took 0 ms.
11:53:47.147 [main] INFO  org.testng.internal.Utils - [Utils] MethodGroupsHelper.sortMethods() took 0 ms.
11:53:47.147 [main] INFO  org.testng.internal.Utils - [Utils] MethodGroupsHelper.collectMethodsByGroup() took 0 ms.
11:53:47.148 [main] INFO  org.testng.internal.Utils - [Utils] MethodGroupsHelper.sortMethods() took 0 ms.
11:53:47.150 [main] INFO  org.testng.internal.Utils - [Utils] MethodGroupsHelper.collectMethodsByGroup() took 0 ms.
11:53:47.152 [main] INFO  org.testng.internal.Utils - [Utils] MethodGroupsHelper.sortMethods() took 1 ms.
11:53:47.156 [main] INFO  org.testng.internal.Utils - [Utils] MethodGroupsHelper.collectMethodsByGroup() took 0 ms.
11:53:47.156 [main] INFO  org.testng.internal.Utils - [Utils] MethodGroupsHelper.sortMethods() took 0 ms.
11:53:47.156 [main] INFO  org.testng.internal.Utils - [Utils] MethodGroupsHelper.collectMethodsByGroup() took 0 ms.
11:53:47.156 [main] INFO  org.testng.internal.Utils - [Utils] MethodGroupsHelper.sortMethods() took 0 ms.
11:53:47.178 [main] INFO  org.testng.internal.Utils - [TestNG] Running:
  C:\Users\Samson\AppData\Local\Temp\testng-eclipse--1273841525\testng-customsuite.xml

11:53:47.228 [main] INFO  org.testng.internal.Utils - [Utils] DynamicGraphHelper.createDynamicGraph() took 9 ms.
11:54:15.970 [main] INFO  testCases.TC001_AccountRegistration_Test - ++++++ Starting verify_account_registriation ++++++
11:54:16.442 [main] INFO  testCases.TC001_AccountRegistration_Test - Clicked on My account link
11:54:17.464 [main] INFO  testCases.TC001_AccountRegistration_Test - Clicked on Register link
11:54:17.475 [main] INFO  testCases.TC001_AccountRegistration_Test - Providing registration info
11:54:19.717 [main] ERROR testCases.TC001_AccountRegistration_Test - org.openqa.selenium.InvalidSelectorException: invalid selector: Unable to locate an element with the xpath expression //*[@value='Continue']Testing because of the following error:
SyntaxError: Failed to execute 'evaluate' on 'Document': The string '//*[@value='Continue']Testing' is not a valid XPath expression.
  (Session info: chrome=140.0.7339.128)
For documentation on this error, please visit: https://www.selenium.dev/documentation/webdriver/troubleshooting/errors#invalid-selector-exception
Build info: version: '4.31.0', revision: '1ef9f18787*'
System info: os.name: 'Windows 10', os.arch: 'amd64', os.version: '10.0', java.version: '21.0.7'
Driver info: org.openqa.selenium.chrome.ChromeDriver
Command: [a0b69e1df20c76d9166bd15cd8dea845, findElement {using=xpath, value=//*[@value='Continue']Testing}]
Capabilities {acceptInsecureCerts: false, browserName: chrome, browserVersion: 140.0.7339.128, chrome: {chromedriverVersion: 140.0.7339.207 (17230b545fd..., userDataDir: C:\Users\Samson\AppData\Loc...}, fedcm:accounts: true, goog:chromeOptions: {debuggerAddress: localhost:55088}, networkConnectionEnabled: false, pageLoadStrategy: normal, platformName: windows, proxy: Proxy(), se:cdp: ws://localhost:55088/devtoo..., se:cdpVersion: 140.0.7339.128, setWindowRect: true, strictFileInteractability: false, timeouts: {implicit: 0, pageLoad: 300000, script: 30000}, unhandledPromptBehavior: dismiss and notify, webauthn:extension:credBlob: true, webauthn:extension:largeBlob: true, webauthn:extension:minPinLength: true, webauthn:extension:prf: true, webauthn:virtualAuthenticators: true}
Session ID: a0b69e1df20c76d9166bd15cd8dea845Test Failed
11:54:21.311 [main] INFO  org.testng.internal.Utils - [TestNG] Time taken by org.testng.reporters.jq.Main@7b2a3ff8: 337 ms
11:54:21.358 [main] INFO  org.testng.internal.Utils - [TestNG] Time taken by org.testng.reporters.FailedReporter@58cec85b: 46 ms
11:54:21.385 [main] INFO  org.testng.internal.Utils - [TestNG] Time taken by org.testng.reporters.XMLReporter@4d23015c: 25 ms
11:54:21.413 [main] INFO  org.testng.internal.Utils - [TestNG] Time taken by org.testng.reporters.EmailableReporter2@7df60067: 28 ms
11:54:21.452 [main] INFO  org.testng.internal.Utils - [TestNG] Time taken by org.testng.reporters.JUnitReportReporter@4af46df3: 38 ms
11:54:21.453 [main] INFO  org.testng.internal.Utils - [TestNG] Time taken by org.testng.internal.ExitCodeListener@4158debd: 0 ms
12:56:06.168 [main] INFO  org.testng.internal.Utils - [TestNG] Running:
  D:\wilson_workspace2025\Opencart_proj\Master.xml

12:56:43.194 [main] INFO  testCases.TC001_AccountRegistration_Test - ++++++ Starting verify_account_registriation ++++++
12:56:44.797 [main] INFO  testCases.TC001_AccountRegistration_Test - Clicked on My account link
12:56:46.034 [main] INFO  testCases.TC001_AccountRegistration_Test - Clicked on Register link
12:56:46.105 [main] INFO  testCases.TC001_AccountRegistration_Test - Providing registration info
12:56:48.168 [main] ERROR testCases.TC001_AccountRegistration_Test - org.openqa.selenium.InvalidSelectorException: invalid selector: Unable to locate an element with the xpath expression //*[@value='Continue']Testing because of the following error:
SyntaxError: Failed to execute 'evaluate' on 'Document': The string '//*[@value='Continue']Testing' is not a valid XPath expression.
  (Session info: chrome=140.0.7339.128)
For documentation on this error, please visit: https://www.selenium.dev/documentation/webdriver/troubleshooting/errors#invalid-selector-exception
Build info: version: '4.31.0', revision: '1ef9f18787*'
System info: os.name: 'Windows 10', os.arch: 'amd64', os.version: '10.0', java.version: '21.0.7'
Driver info: org.openqa.selenium.chrome.ChromeDriver
Command: [5bdb714ec01e425958bb13168e238230, findElement {using=xpath, value=//*[@value='Continue']Testing}]
Capabilities {acceptInsecureCerts: false, browserName: chrome, browserVersion: 140.0.7339.128, chrome: {chromedriverVersion: 140.0.7339.207 (17230b545fd..., userDataDir: C:\Users\Samson\AppData\Loc...}, fedcm:accounts: true, goog:chromeOptions: {debuggerAddress: localhost:57420}, networkConnectionEnabled: false, pageLoadStrategy: normal, platformName: windows, proxy: Proxy(), se:cdp: ws://localhost:57420/devtoo..., se:cdpVersion: 140.0.7339.128, setWindowRect: true, strictFileInteractability: false, timeouts: {implicit: 0, pageLoad: 300000, script: 30000}, unhandledPromptBehavior: dismiss and notify, webauthn:extension:credBlob: true, webauthn:extension:largeBlob: true, webauthn:extension:minPinLength: true, webauthn:extension:prf: true, webauthn:virtualAuthenticators: true}
Session ID: 5bdb714ec01e425958bb13168e238230Test Failed
12:58:13.930 [main] INFO  org.testng.internal.Utils - [TestNG] Running:
  D:\wilson_workspace2025\Opencart_proj\Master.xml

12:58:32.133 [main] INFO  testCases.TC001_AccountRegistration_Test - ++++++ Starting verify_account_registriation ++++++
12:58:33.257 [main] INFO  testCases.TC001_AccountRegistration_Test - Clicked on My account link
12:58:34.692 [main] INFO  testCases.TC001_AccountRegistration_Test - Clicked on Register link
12:58:34.710 [main] INFO  testCases.TC001_AccountRegistration_Test - Providing registration info
12:58:37.881 [main] INFO  testCases.TC001_AccountRegistration_Test - Clicked on continue
12:58:37.882 [main] INFO  testCases.TC001_AccountRegistration_Test - Validating expected msg
12:58:37.891 [main] INFO  testCases.TC001_AccountRegistration_Test - +++ Finished verify_account_registriation ++++++ 
12:59:23.091 [main] INFO  org.testng.internal.Utils - [TestNG] Running:
  D:\wilson_workspace2025\Opencart_proj\Master.xml

13:01:13.885 [main] INFO  testCases.TC001_AccountRegistration_Test - ++++++ Starting verify_account_registriation ++++++
13:01:18.253 [main] INFO  testCases.TC001_AccountRegistration_Test - Clicked on My account link
13:01:28.920 [main] INFO  testCases.TC001_AccountRegistration_Test - Clicked on Register link
13:01:28.982 [main] INFO  testCases.TC001_AccountRegistration_Test - Providing registration info
13:01:42.945 [main] INFO  testCases.TC001_AccountRegistration_Test - Clicked on continue
13:01:42.946 [main] INFO  testCases.TC001_AccountRegistration_Test - Validating expected msg
13:01:42.947 [main] INFO  testCases.TC001_AccountRegistration_Test - +++ Finished verify_account_registriation ++++++ 
13:08:34.264 [main] INFO  org.testng.internal.Utils - [TestNG] Running:
  D:\wilson_workspace2025\Opencart_proj\Crossbrowsestesting.xml

13:09:12.629 [main] INFO  testCases.TC001_AccountRegistration_Test - ++++++ Starting verify_account_registriation ++++++
13:09:14.476 [main] INFO  testCases.TC001_AccountRegistration_Test - Clicked on My account link
13:09:15.840 [main] INFO  testCases.TC001_AccountRegistration_Test - Clicked on Register link
13:09:15.891 [main] INFO  testCases.TC001_AccountRegistration_Test - Providing registration info
13:09:18.277 [main] INFO  testCases.TC001_AccountRegistration_Test - Clicked on continue
13:09:18.278 [main] INFO  testCases.TC001_AccountRegistration_Test - Validating expected msg
13:09:18.278 [main] INFO  testCases.TC001_AccountRegistration_Test - +++ Finished verify_account_registriation ++++++ 
13:09:39.880 [main] INFO  testCases.TC001_AccountRegistration_Test - ++++++ Starting verify_account_registriation ++++++
13:09:40.173 [main] INFO  testCases.TC001_AccountRegistration_Test - Clicked on My account link
13:09:41.577 [main] INFO  testCases.TC001_AccountRegistration_Test - Clicked on Register link
13:09:41.579 [main] INFO  testCases.TC001_AccountRegistration_Test - Providing registration info
13:09:43.663 [main] INFO  testCases.TC001_AccountRegistration_Test - Clicked on continue
13:09:43.664 [main] INFO  testCases.TC001_AccountRegistration_Test - Validating expected msg
13:09:43.667 [main] INFO  testCases.TC001_AccountRegistration_Test - +++ Finished verify_account_registriation ++++++ 
13:13:13.951 [main] INFO  org.testng.internal.Utils - [TestNG] Running:
  D:\wilson_workspace2025\Opencart_proj\Crossbrowsestesting.xml

13:13:35.210 [main] INFO  testCases.TC001_AccountRegistration_Test - ++++++ Starting verify_account_registriation ++++++
13:13:35.616 [main] INFO  testCases.TC001_AccountRegistration_Test - Clicked on My account link
13:13:36.661 [main] INFO  testCases.TC001_AccountRegistration_Test - Clicked on Register link
13:13:36.673 [main] INFO  testCases.TC001_AccountRegistration_Test - Providing registration info
13:13:40.030 [main] INFO  testCases.TC001_AccountRegistration_Test - Clicked on continue
13:13:40.030 [main] INFO  testCases.TC001_AccountRegistration_Test - Validating expected msg
13:13:40.031 [main] INFO  testCases.TC001_AccountRegistration_Test - +++ Finished verify_account_registriation ++++++ 
13:15:12.312 [main] INFO  testCases.TC001_AccountRegistration_Test - ++++++ Starting verify_account_registriation ++++++
13:15:16.168 [main] INFO  testCases.TC001_AccountRegistration_Test - Clicked on My account link
13:15:20.478 [main] INFO  testCases.TC001_AccountRegistration_Test - Clicked on Register link
13:15:20.481 [main] INFO  testCases.TC001_AccountRegistration_Test - Providing registration info
13:15:26.640 [main] INFO  testCases.TC001_AccountRegistration_Test - Clicked on continue
13:15:26.642 [main] INFO  testCases.TC001_AccountRegistration_Test - Validating expected msg
13:15:26.643 [main] INFO  testCases.TC001_AccountRegistration_Test - +++ Finished verify_account_registriation ++++++ 
13:17:19.646 [main] INFO  org.testng.internal.Utils - [TestNG] Running:
  D:\wilson_workspace2025\Opencart_proj\Crossbrowsestesting.xml

13:17:55.979 [TestNG-tests-1] INFO  testCases.TC001_AccountRegistration_Test - ++++++ Starting verify_account_registriation ++++++
13:17:58.758 [TestNG-tests-1] INFO  testCases.TC001_AccountRegistration_Test - Clicked on My account link
13:18:00.795 [TestNG-tests-1] INFO  testCases.TC001_AccountRegistration_Test - Clicked on Register link
13:18:00.829 [TestNG-tests-1] INFO  testCases.TC001_AccountRegistration_Test - Providing registration info
13:18:07.690 [TestNG-tests-1] INFO  testCases.TC001_AccountRegistration_Test - Clicked on continue
13:18:07.690 [TestNG-tests-1] INFO  testCases.TC001_AccountRegistration_Test - Validating expected msg
13:18:07.690 [TestNG-tests-1] INFO  testCases.TC001_AccountRegistration_Test - +++ Finished verify_account_registriation ++++++ 
13:18:40.098 [TestNG-tests-2] INFO  testCases.TC001_AccountRegistration_Test - ++++++ Starting verify_account_registriation ++++++
13:18:41.747 [TestNG-tests-2] INFO  testCases.TC001_AccountRegistration_Test - Clicked on My account link
13:18:46.017 [TestNG-tests-2] INFO  testCases.TC001_AccountRegistration_Test - Clicked on Register link
13:18:46.018 [TestNG-tests-2] INFO  testCases.TC001_AccountRegistration_Test - Providing registration info
13:18:50.630 [TestNG-tests-2] INFO  testCases.TC001_AccountRegistration_Test - Clicked on continue
13:18:50.630 [TestNG-tests-2] INFO  testCases.TC001_AccountRegistration_Test - Validating expected msg
13:18:50.631 [TestNG-tests-2] INFO  testCases.TC001_AccountRegistration_Test - +++ Finished verify_account_registriation ++++++ 
13:58:19.134 [main] INFO  org.testng.internal.Utils - [TestNG] Running:
  D:\wilson_workspace2025\Opencart_proj\Master.xml

14:02:37.941 [main] INFO  org.testng.internal.Utils - [TestNG] Running:
  D:\wilson_workspace2025\Opencart_proj\Master.xml

14:02:55.294 [main] INFO  testCases.TC001_AccountRegistration_Test - ++++++ Starting verify_account_registriation ++++++
14:02:56.980 [main] INFO  testCases.TC001_AccountRegistration_Test - Clicked on My account link
14:02:58.244 [main] INFO  testCases.TC001_AccountRegistration_Test - Clicked on Register link
14:02:58.465 [main] INFO  testCases.TC001_AccountRegistration_Test - Providing registration info
14:03:01.980 [main] INFO  testCases.TC001_AccountRegistration_Test - Clicked on continue
14:03:01.987 [main] INFO  testCases.TC001_AccountRegistration_Test - Validating expected msg
14:03:01.990 [main] INFO  testCases.TC001_AccountRegistration_Test - +++ Finished verify_account_registriation ++++++ 
23:13:00.883 [main] INFO  org.testng.internal.Utils - [TestNG] Running:
  D:\wilson_workspace2025\Opencart_proj\Master.xml

23:13:31.162 [main] INFO  testCases.TC002_Login_Test - ++++++ Starting verify_login ++++++
23:13:31.658 [main] INFO  testCases.TC002_Login_Test - Clicked on My account link
23:13:48.335 [main] ERROR testCases.TC002_Login_Test - org.openqa.selenium.NoSuchElementException: no such element: Unable to locate element: {"method":"xpath","selector":"//*[@xpath='1'and'Login']"}
  (Session info: chrome=141.0.7390.108)
For documentation on this error, please visit: https://www.selenium.dev/documentation/webdriver/troubleshooting/errors#no-such-element-exception
Build info: version: '4.31.0', revision: '1ef9f18787*'
System info: os.name: 'Windows 10', os.arch: 'amd64', os.version: '10.0', java.version: '21.0.7'
Driver info: org.openqa.selenium.chrome.ChromeDriver
Command: [ed27f9ff836318819d90c1780da7567f, findElement {using=xpath, value=//*[@xpath='1'and'Login']}]
Capabilities {acceptInsecureCerts: false, browserName: chrome, browserVersion: 141.0.7390.108, chrome: {chromedriverVersion: 141.0.7390.122 (b477534e7e1..., userDataDir: C:\Users\Samson\AppData\Loc...}, fedcm:accounts: true, goog:chromeOptions: {debuggerAddress: localhost:51129}, networkConnectionEnabled: false, pageLoadStrategy: normal, platformName: windows, proxy: Proxy(), se:cdp: ws://localhost:51129/devtoo..., se:cdpVersion: 141.0.7390.108, setWindowRect: true, strictFileInteractability: false, timeouts: {implicit: 0, pageLoad: 300000, script: 30000}, unhandledPromptBehavior: dismiss and notify, webauthn:extension:credBlob: true, webauthn:extension:largeBlob: true, webauthn:extension:minPinLength: true, webauthn:extension:prf: true, webauthn:virtualAuthenticators: true}
Session ID: ed27f9ff836318819d90c1780da7567fTest Failed
23:18:11.206 [main] INFO  org.testng.internal.Utils - [TestNG] Running:
  D:\wilson_workspace2025\Opencart_proj\Master.xml

23:18:56.170 [main] INFO  testCases.TC002_Login_Test - ++++++ Starting verify_login ++++++
23:18:57.987 [main] INFO  testCases.TC002_Login_Test - Clicked on My account link
23:19:17.907 [main] ERROR testCases.TC002_Login_Test - org.openqa.selenium.ElementNotInteractableException: element not interactable
  (Session info: chrome=141.0.7390.108)
Build info: version: '4.31.0', revision: '1ef9f18787*'
System info: os.name: 'Windows 10', os.arch: 'amd64', os.version: '10.0', java.version: '21.0.7'
Driver info: org.openqa.selenium.chrome.ChromeDriver
Command: [8fac02d7f6c260e2a18de37dba7e121c, clickElement {id=f.7899EA37BD639B7F2D9CD3EA72D65ABD.d.CA0DF60EB2C8810567E0CE28E618A1DD.e.136}]
Capabilities {acceptInsecureCerts: false, browserName: chrome, browserVersion: 141.0.7390.108, chrome: {chromedriverVersion: 141.0.7390.122 (b477534e7e1..., userDataDir: C:\Users\Samson\AppData\Loc...}, fedcm:accounts: true, goog:chromeOptions: {debuggerAddress: localhost:51700}, networkConnectionEnabled: false, pageLoadStrategy: normal, platformName: windows, proxy: Proxy(), se:cdp: ws://localhost:51700/devtoo..., se:cdpVersion: 141.0.7390.108, setWindowRect: true, strictFileInteractability: false, timeouts: {implicit: 0, pageLoad: 300000, script: 30000}, unhandledPromptBehavior: dismiss and notify, webauthn:extension:credBlob: true, webauthn:extension:largeBlob: true, webauthn:extension:minPinLength: true, webauthn:extension:prf: true, webauthn:virtualAuthenticators: true}
Element: [[ChromeDriver: chrome on windows (8fac02d7f6c260e2a18de37dba7e121c)] -> xpath: //*[@id="top-links"]/ul/li[2]/ul/li[2]/a]
Session ID: 8fac02d7f6c260e2a18de37dba7e121cTest Failed
20:38:54.828 [main] INFO  org.testng.internal.Utils - [TestNG] Running:
  D:\wilson_workspace2025\Opencart_proj\Master.xml

20:39:30.563 [main] INFO  testCases.TC002_Login_Test - ++++++ Starting verify_login ++++++
20:39:32.992 [main] INFO  testCases.TC002_Login_Test - Clicked on My account link
20:39:49.978 [main] ERROR testCases.TC002_Login_Test - org.openqa.selenium.ElementNotInteractableException: element not interactable
  (Session info: chrome=141.0.7390.108)
Build info: version: '4.31.0', revision: '1ef9f18787*'
System info: os.name: 'Windows 10', os.arch: 'amd64', os.version: '10.0', java.version: '21.0.7'
Driver info: org.openqa.selenium.chrome.ChromeDriver
Command: [a0ca3d9c9d3c071ee398dfd1771c873b, clickElement {id=f.A068E2F9667BE847BD0D48FF142AF454.d.05F97C0BA3FE514B321C426607ED6073.e.105}]
Capabilities {acceptInsecureCerts: false, browserName: chrome, browserVersion: 141.0.7390.108, chrome: {chromedriverVersion: 141.0.7390.122 (b477534e7e1..., userDataDir: C:\Users\Samson\AppData\Loc...}, fedcm:accounts: true, goog:chromeOptions: {debuggerAddress: localhost:61167}, networkConnectionEnabled: false, pageLoadStrategy: normal, platformName: windows, proxy: Proxy(), se:cdp: ws://localhost:61167/devtoo..., se:cdpVersion: 141.0.7390.108, setWindowRect: true, strictFileInteractability: false, timeouts: {implicit: 0, pageLoad: 300000, script: 30000}, unhandledPromptBehavior: dismiss and notify, webauthn:extension:credBlob: true, webauthn:extension:largeBlob: true, webauthn:extension:minPinLength: true, webauthn:extension:prf: true, webauthn:virtualAuthenticators: true}
Element: [[ChromeDriver: chrome on windows (a0ca3d9c9d3c071ee398dfd1771c873b)] -> xpath: //ul[@class='dropdown-menu dropdown-menu-right']//a[normalize-space()='Login']]
Session ID: a0ca3d9c9d3c071ee398dfd1771c873bTest Failed
20:52:47.426 [main] INFO  org.testng.internal.Utils - [TestNG] Running:
  D:\wilson_workspace2025\Opencart_proj\Master.xml

20:53:09.789 [main] INFO  testCases.TC002_Login_Test - ++++++ Starting verify_login ++++++
20:53:10.944 [main] INFO  testCases.TC002_Login_Test - Clicked on My account link
20:53:12.572 [main] INFO  testCases.TC002_Login_Test - Clicked on Login link
20:53:12.582 [main] INFO  testCases.TC002_Login_Test - Providing login info
20:53:15.135 [main] INFO  testCases.TC002_Login_Test - Clicked on continue
20:53:15.136 [main] INFO  testCases.TC002_Login_Test - Validating expected msg
20:53:15.277 [main] INFO  testCases.TC002_Login_Test - +++ Finished Logintest ++++++ 
23:22:08.275 [main] INFO  org.testng.internal.Utils - [TestNG] Running:
  D:\wilson_workspace2025\Opencart_proj\Master.xml

23:22:43.445 [main] INFO  testCases.TC003_Datadriven_Test - ++++++ Starting verify_Datadriven_Test ++++++
23:22:43.846 [main] INFO  testCases.TC003_Datadriven_Test - Clicked on My account link
23:22:44.343 [main] INFO  testCases.TC003_Datadriven_Test - Clicked on Login link
23:22:44.364 [main] INFO  testCases.TC003_Datadriven_Test - Providing login info
23:22:45.599 [main] INFO  testCases.TC003_Datadriven_Test - Clicked on continue
23:22:45.600 [main] INFO  testCases.TC003_Datadriven_Test - Validating expected msg
23:22:47.233 [main] INFO  testCases.TC003_Datadriven_Test - +++ Finished Login & Logout test ++++++ 
23:22:47.264 [main] INFO  testCases.TC003_Datadriven_Test - ++++++ Starting verify_Datadriven_Test ++++++
23:22:47.486 [main] INFO  testCases.TC003_Datadriven_Test - Clicked on My account link
23:22:47.951 [main] INFO  testCases.TC003_Datadriven_Test - Clicked on Login link
23:22:47.952 [main] INFO  testCases.TC003_Datadriven_Test - Providing login info
23:22:49.470 [main] INFO  testCases.TC003_Datadriven_Test - Clicked on continue
23:22:49.471 [main] INFO  testCases.TC003_Datadriven_Test - Validating expected msg
23:23:04.573 [main] INFO  testCases.TC003_Datadriven_Test - +++ Finished Login & Logout test ++++++ 
23:23:04.596 [main] INFO  testCases.TC003_Datadriven_Test - ++++++ Starting verify_Datadriven_Test ++++++
23:23:04.778 [main] INFO  testCases.TC003_Datadriven_Test - Clicked on My account link
23:23:05.193 [main] INFO  testCases.TC003_Datadriven_Test - Clicked on Login link
23:23:05.196 [main] INFO  testCases.TC003_Datadriven_Test - Providing login info
23:23:06.419 [main] INFO  testCases.TC003_Datadriven_Test - Clicked on continue
23:23:06.419 [main] INFO  testCases.TC003_Datadriven_Test - Validating expected msg
23:23:21.572 [main] INFO  testCases.TC003_Datadriven_Test - +++ Finished Login & Logout test ++++++ 
23:23:21.585 [main] INFO  testCases.TC003_Datadriven_Test - ++++++ Starting verify_Datadriven_Test ++++++
23:23:21.783 [main] INFO  testCases.TC003_Datadriven_Test - Clicked on My account link
23:23:22.236 [main] INFO  testCases.TC003_Datadriven_Test - Clicked on Login link
23:23:22.237 [main] INFO  testCases.TC003_Datadriven_Test - Providing login info
23:23:23.629 [main] INFO  testCases.TC003_Datadriven_Test - Clicked on continue
23:23:23.629 [main] INFO  testCases.TC003_Datadriven_Test - Validating expected msg
23:23:24.270 [main] INFO  testCases.TC003_Datadriven_Test - +++ Finished Login & Logout test ++++++ 
21:56:08.625 [main] INFO  org.testng.internal.Utils - [TestNG] Running:
  D:\wilson_workspace2025\Opencart_proj\Master.xml

21:56:35.994 [main] INFO  testCases.TC003_Datadriven_Test - ++++++ Starting verify_Datadriven_Test ++++++
21:56:36.509 [main] INFO  testCases.TC003_Datadriven_Test - Clicked on My account link
21:56:37.219 [main] INFO  testCases.TC003_Datadriven_Test - Clicked on Login link
21:56:37.227 [main] INFO  testCases.TC003_Datadriven_Test - Providing login info
21:56:39.413 [main] INFO  testCases.TC003_Datadriven_Test - Clicked on continue
21:56:39.415 [main] INFO  testCases.TC003_Datadriven_Test - Validating expected msg
21:56:40.301 [main] INFO  testCases.TC003_Datadriven_Test - +++ Finished Login & Logout test ++++++ 
21:56:40.382 [main] INFO  testCases.TC003_Datadriven_Test - ++++++ Starting verify_Datadriven_Test ++++++
21:56:40.636 [main] INFO  testCases.TC003_Datadriven_Test - Clicked on My account link
21:56:41.187 [main] INFO  testCases.TC003_Datadriven_Test - Clicked on Login link
21:56:41.192 [main] INFO  testCases.TC003_Datadriven_Test - Providing login info
21:56:42.604 [main] INFO  testCases.TC003_Datadriven_Test - Clicked on continue
21:56:42.612 [main] INFO  testCases.TC003_Datadriven_Test - Validating expected msg
21:56:57.692 [main] INFO  testCases.TC003_Datadriven_Test - +++ Finished Login & Logout test ++++++ 
21:56:57.700 [main] INFO  testCases.TC003_Datadriven_Test - ++++++ Starting verify_Datadriven_Test ++++++
21:56:57.851 [main] INFO  testCases.TC003_Datadriven_Test - Clicked on My account link
21:56:58.292 [main] INFO  testCases.TC003_Datadriven_Test - Clicked on Login link
21:56:58.293 [main] INFO  testCases.TC003_Datadriven_Test - Providing login info
21:56:59.621 [main] INFO  testCases.TC003_Datadriven_Test - Clicked on continue
21:56:59.622 [main] INFO  testCases.TC003_Datadriven_Test - Validating expected msg
21:57:14.678 [main] INFO  testCases.TC003_Datadriven_Test - +++ Finished Login & Logout test ++++++ 
21:57:14.685 [main] INFO  testCases.TC003_Datadriven_Test - ++++++ Starting verify_Datadriven_Test ++++++
21:57:14.841 [main] INFO  testCases.TC003_Datadriven_Test - Clicked on My account link
21:57:15.285 [main] INFO  testCases.TC003_Datadriven_Test - Clicked on Login link
21:57:15.286 [main] INFO  testCases.TC003_Datadriven_Test - Providing login info
21:57:15.912 [main] INFO  testCases.TC003_Datadriven_Test - Clicked on continue
21:57:15.912 [main] INFO  testCases.TC003_Datadriven_Test - Validating expected msg
21:57:17.803 [main] INFO  testCases.TC003_Datadriven_Test - +++ Finished Login & Logout test ++++++ 
22:08:52.297 [main] INFO  org.testng.internal.Utils - [TestNG] Running:
  D:\wilson_workspace2025\Opencart_proj\Master.xml

22:09:07.189 [main] INFO  testCases.TC003_Datadriven_Test - ++++++ Starting verify_Datadriven_Test ++++++
22:09:07.469 [main] INFO  testCases.TC003_Datadriven_Test - Clicked on My account link
22:09:08.103 [main] INFO  testCases.TC003_Datadriven_Test - Clicked on Login link
22:09:08.111 [main] INFO  testCases.TC003_Datadriven_Test - Providing login info
22:09:09.809 [main] INFO  testCases.TC003_Datadriven_Test - Clicked on continue
22:09:09.810 [main] INFO  testCases.TC003_Datadriven_Test - Validating expected msg
22:09:10.753 [main] INFO  testCases.TC003_Datadriven_Test - +++ Finished Login & Logout test ++++++ 
22:09:10.820 [main] INFO  testCases.TC003_Datadriven_Test - ++++++ Starting verify_Datadriven_Test ++++++
22:09:11.026 [main] INFO  testCases.TC003_Datadriven_Test - Clicked on My account link
22:09:11.735 [main] INFO  testCases.TC003_Datadriven_Test - Clicked on Login link
22:09:11.738 [main] INFO  testCases.TC003_Datadriven_Test - Providing login info
22:09:13.405 [main] INFO  testCases.TC003_Datadriven_Test - Clicked on continue
22:09:13.409 [main] INFO  testCases.TC003_Datadriven_Test - Validating expected msg
22:09:28.483 [main] INFO  testCases.TC003_Datadriven_Test - +++ Finished Login & Logout test ++++++ 
22:09:28.501 [main] INFO  testCases.TC003_Datadriven_Test - ++++++ Starting verify_Datadriven_Test ++++++
22:09:28.689 [main] INFO  testCases.TC003_Datadriven_Test - Clicked on My account link
22:09:29.126 [main] INFO  testCases.TC003_Datadriven_Test - Clicked on Login link
22:09:29.127 [main] INFO  testCases.TC003_Datadriven_Test - Providing login info
22:09:30.774 [main] INFO  testCases.TC003_Datadriven_Test - Clicked on continue
22:09:30.775 [main] INFO  testCases.TC003_Datadriven_Test - Validating expected msg
22:09:45.817 [main] INFO  testCases.TC003_Datadriven_Test - +++ Finished Login & Logout test ++++++ 
22:09:45.840 [main] INFO  testCases.TC003_Datadriven_Test - ++++++ Starting verify_Datadriven_Test ++++++
22:09:46.020 [main] INFO  testCases.TC003_Datadriven_Test - Clicked on My account link
22:09:46.470 [main] INFO  testCases.TC003_Datadriven_Test - Clicked on Login link
22:09:46.471 [main] INFO  testCases.TC003_Datadriven_Test - Providing login info
22:09:48.243 [main] INFO  testCases.TC003_Datadriven_Test - Clicked on continue
22:09:48.243 [main] INFO  testCases.TC003_Datadriven_Test - Validating expected msg
22:09:49.041 [main] INFO  testCases.TC003_Datadriven_Test - +++ Finished Login & Logout test ++++++ 
22:18:10.279 [main] INFO  org.testng.internal.Utils - [TestNG] Running:
  D:\wilson_workspace2025\Opencart_proj\Master.xml

22:18:25.513 [main] INFO  testCases.TC003_Datadriven_Test - ++++++ Starting verify_Datadriven_Test ++++++
22:18:25.759 [main] INFO  testCases.TC003_Datadriven_Test - Clicked on My account link
22:18:26.410 [main] INFO  testCases.TC003_Datadriven_Test - Clicked on Login link
22:18:26.418 [main] INFO  testCases.TC003_Datadriven_Test - Providing login info
22:18:28.359 [main] INFO  testCases.TC003_Datadriven_Test - Clicked on continue
22:18:28.360 [main] INFO  testCases.TC003_Datadriven_Test - Validating expected msg
22:18:29.350 [main] INFO  testCases.TC003_Datadriven_Test - +++ Finished Login & Logout test ++++++ 
22:18:29.372 [main] INFO  testCases.TC003_Datadriven_Test - ++++++ Starting verify_Datadriven_Test ++++++
22:18:29.574 [main] INFO  testCases.TC003_Datadriven_Test - Clicked on My account link
22:18:30.408 [main] INFO  testCases.TC003_Datadriven_Test - Clicked on Login link
22:18:30.410 [main] INFO  testCases.TC003_Datadriven_Test - Providing login info
22:18:32.245 [main] INFO  testCases.TC003_Datadriven_Test - Clicked on continue
22:18:32.246 [main] INFO  testCases.TC003_Datadriven_Test - Validating expected msg
22:18:33.403 [main] INFO  testCases.TC003_Datadriven_Test - ++++++ Starting verify_Datadriven_Test ++++++
22:18:33.699 [main] INFO  testCases.TC003_Datadriven_Test - Clicked on My account link
22:18:34.375 [main] INFO  testCases.TC003_Datadriven_Test - Clicked on Login link
22:18:34.378 [main] INFO  testCases.TC003_Datadriven_Test - Providing login info
22:18:36.439 [main] INFO  testCases.TC003_Datadriven_Test - Clicked on continue
22:18:36.440 [main] INFO  testCases.TC003_Datadriven_Test - Validating expected msg
22:18:37.618 [main] INFO  testCases.TC003_Datadriven_Test - ++++++ Starting verify_Datadriven_Test ++++++
22:18:37.861 [main] INFO  testCases.TC003_Datadriven_Test - Clicked on My account link
22:18:38.573 [main] INFO  testCases.TC003_Datadriven_Test - Clicked on Login link
22:18:38.574 [main] INFO  testCases.TC003_Datadriven_Test - Providing login info
22:18:39.853 [main] INFO  testCases.TC003_Datadriven_Test - Clicked on continue
22:18:39.853 [main] INFO  testCases.TC003_Datadriven_Test - Validating expected msg
22:18:54.944 [main] INFO  testCases.TC003_Datadriven_Test - +++ Finished Login & Logout test ++++++ 
22:18:54.959 [main] INFO  testCases.TC003_Datadriven_Test - ++++++ Starting verify_Datadriven_Test ++++++
22:18:55.140 [main] INFO  testCases.TC003_Datadriven_Test - Clicked on My account link
22:18:55.552 [main] INFO  testCases.TC003_Datadriven_Test - Clicked on Login link
22:18:55.553 [main] INFO  testCases.TC003_Datadriven_Test - Providing login info
22:18:57.148 [main] INFO  testCases.TC003_Datadriven_Test - Clicked on continue
22:18:57.149 [main] INFO  testCases.TC003_Datadriven_Test - Validating expected msg
22:18:57.857 [main] INFO  testCases.TC003_Datadriven_Test - +++ Finished Login & Logout test ++++++ 
21:52:14.253 [main] INFO  org.testng.internal.Utils - [TestNG] Running:
  D:\wilson_workspace2025\Opencart_proj\Master.xml

21:52:58.058 [main] INFO  testCases.TC003_Datadriven_Test - ++++++ Starting verify_Datadriven_Test ++++++
21:52:58.757 [main] INFO  testCases.TC003_Datadriven_Test - Clicked on My account link
21:52:59.311 [main] INFO  testCases.TC003_Datadriven_Test - Clicked on Login link
21:52:59.407 [main] INFO  testCases.TC003_Datadriven_Test - Providing login info
21:53:01.219 [main] INFO  testCases.TC003_Datadriven_Test - Clicked on continue
21:53:01.220 [main] INFO  testCases.TC003_Datadriven_Test - Validating expected msg
21:53:02.124 [main] INFO  testCases.TC003_Datadriven_Test - +++ Finished Login & Logout test ++++++ 
21:53:02.161 [main] INFO  testCases.TC003_Datadriven_Test - ++++++ Starting verify_Datadriven_Test ++++++
21:53:02.406 [main] INFO  testCases.TC003_Datadriven_Test - Clicked on My account link
21:53:02.928 [main] INFO  testCases.TC003_Datadriven_Test - Clicked on Login link
21:53:02.961 [main] INFO  testCases.TC003_Datadriven_Test - Providing login info
21:53:04.528 [main] INFO  testCases.TC003_Datadriven_Test - Clicked on continue
21:53:04.529 [main] INFO  testCases.TC003_Datadriven_Test - Validating expected msg
21:53:05.436 [main] INFO  testCases.TC003_Datadriven_Test - ++++++ Starting verify_Datadriven_Test ++++++
21:53:05.669 [main] INFO  testCases.TC003_Datadriven_Test - Clicked on My account link
21:53:06.426 [main] INFO  testCases.TC003_Datadriven_Test - Clicked on Login link
21:53:06.427 [main] INFO  testCases.TC003_Datadriven_Test - Providing login info
21:53:08.416 [main] INFO  testCases.TC003_Datadriven_Test - Clicked on continue
21:53:08.416 [main] INFO  testCases.TC003_Datadriven_Test - Validating expected msg
21:53:09.419 [main] INFO  testCases.TC003_Datadriven_Test - ++++++ Starting verify_Datadriven_Test ++++++
21:53:09.681 [main] INFO  testCases.TC003_Datadriven_Test - Clicked on My account link
21:53:10.294 [main] INFO  testCases.TC003_Datadriven_Test - Clicked on Login link
21:53:10.295 [main] INFO  testCases.TC003_Datadriven_Test - Providing login info
21:53:12.128 [main] INFO  testCases.TC003_Datadriven_Test - Clicked on continue
21:53:12.129 [main] INFO  testCases.TC003_Datadriven_Test - Validating expected msg
21:53:27.283 [main] INFO  testCases.TC003_Datadriven_Test - +++ Finished Login & Logout test ++++++ 
21:53:27.309 [main] INFO  testCases.TC003_Datadriven_Test - ++++++ Starting verify_Datadriven_Test ++++++
21:53:27.471 [main] INFO  testCases.TC003_Datadriven_Test - Clicked on My account link
21:53:27.883 [main] INFO  testCases.TC003_Datadriven_Test - Clicked on Login link
21:53:27.884 [main] INFO  testCases.TC003_Datadriven_Test - Providing login info
21:53:29.282 [main] INFO  testCases.TC003_Datadriven_Test - Clicked on continue
21:53:29.284 [main] INFO  testCases.TC003_Datadriven_Test - Validating expected msg
21:53:30.035 [main] INFO  testCases.TC003_Datadriven_Test - +++ Finished Login & Logout test ++++++ 
21:53:30.080 [main] INFO  testCases.TC003_Datadriven_Test - ++++++ Starting verify_Datadriven_Test ++++++
21:53:30.278 [main] INFO  testCases.TC003_Datadriven_Test - Clicked on My account link
21:53:30.743 [main] INFO  testCases.TC003_Datadriven_Test - Clicked on Login link
21:53:30.745 [main] INFO  testCases.TC003_Datadriven_Test - Providing login info
21:53:31.999 [main] INFO  testCases.TC003_Datadriven_Test - Clicked on continue
21:53:32.000 [main] INFO  testCases.TC003_Datadriven_Test - Validating expected msg
21:53:47.059 [main] INFO  testCases.TC003_Datadriven_Test - +++ Finished Login & Logout test ++++++ 
23:25:50.262 [main] INFO  org.testng.internal.Utils - [TestNG] Running:
  D:\wilson_workspace2025\Opencart_proj\Grouping.xml

23:26:12.361 [main] INFO  testCases.TC001_AccountRegistration_Test - ++++++ Starting verify_account_registriation ++++++
23:26:13.642 [main] INFO  testCases.TC001_AccountRegistration_Test - Clicked on My account link
23:26:14.863 [main] INFO  testCases.TC001_AccountRegistration_Test - Clicked on Register link
23:26:14.887 [main] INFO  testCases.TC001_AccountRegistration_Test - Providing registration info
23:26:18.317 [main] INFO  testCases.TC001_AccountRegistration_Test - Clicked on continue
23:26:18.321 [main] INFO  testCases.TC001_AccountRegistration_Test - Validating expected msg
23:26:18.322 [main] INFO  testCases.TC001_AccountRegistration_Test - +++ Finished verify_account_registriation ++++++ 
23:26:26.455 [main] INFO  testCases.TC002_Login_Test - ++++++ Starting verify_login ++++++
23:26:27.514 [main] INFO  testCases.TC002_Login_Test - Clicked on My account link
23:26:28.997 [main] INFO  testCases.TC002_Login_Test - Clicked on Login link
23:26:29.003 [main] INFO  testCases.TC002_Login_Test - Providing login info
23:26:31.164 [main] INFO  testCases.TC002_Login_Test - Clicked on continue
23:26:31.164 [main] INFO  testCases.TC002_Login_Test - Validating expected msg
23:26:31.309 [main] INFO  testCases.TC002_Login_Test - +++ Finished Login & Logout test ++++++ 
23:30:31.405 [main] INFO  org.testng.internal.Utils - [TestNG] Running:
  D:\wilson_workspace2025\Opencart_proj\Grouping.xml

23:32:16.591 [main] INFO  org.testng.internal.Utils - [TestNG] Running:
  D:\wilson_workspace2025\Opencart_proj\Grouping.xml

23:32:27.185 [main] INFO  testCases.TC002_Login_Test - ++++++ Starting verify_login ++++++
23:32:28.501 [main] INFO  testCases.TC002_Login_Test - Clicked on My account link
23:32:30.059 [main] INFO  testCases.TC002_Login_Test - Clicked on Login link
23:32:30.067 [main] INFO  testCases.TC002_Login_Test - Providing login info
23:32:31.726 [main] INFO  testCases.TC002_Login_Test - Clicked on continue
23:32:31.727 [main] INFO  testCases.TC002_Login_Test - Validating expected msg
23:32:31.842 [main] INFO  testCases.TC002_Login_Test - +++ Finished Login & Logout test ++++++ 
21:35:00.225 [main] INFO  org.testng.internal.Utils - [TestNG] Running:
  D:\wilson_workspace2025\Opencart_proj\Grouping.xml

21:35:20.075 [main] INFO  testCases.TC001_AccountRegistration_Test - ++++++ Starting verify_account_registriation ++++++
21:35:20.936 [main] INFO  testCases.TC001_AccountRegistration_Test - Clicked on My account link
21:35:21.885 [main] INFO  testCases.TC001_AccountRegistration_Test - Clicked on Register link
21:35:21.922 [main] INFO  testCases.TC001_AccountRegistration_Test - Providing registration info
21:35:25.036 [main] INFO  testCases.TC001_AccountRegistration_Test - Clicked on continue
21:35:25.037 [main] INFO  testCases.TC001_AccountRegistration_Test - Validating expected msg
21:35:25.037 [main] INFO  testCases.TC001_AccountRegistration_Test - +++ Finished verify_account_registriation ++++++ 
21:35:37.974 [main] INFO  testCases.TC002_Login_Test - ++++++ Starting verify_login ++++++
21:35:38.632 [main] INFO  testCases.TC002_Login_Test - Clicked on My account link
21:35:40.398 [main] INFO  testCases.TC002_Login_Test - Clicked on Login link
21:35:40.463 [main] INFO  testCases.TC002_Login_Test - Providing login info
21:35:42.000 [main] INFO  testCases.TC002_Login_Test - Clicked on continue
21:35:42.002 [main] INFO  testCases.TC002_Login_Test - Validating expected msg
21:35:42.143 [main] INFO  testCases.TC002_Login_Test - +++ Finished Login & Logout test ++++++ 
22:10:27.512 [main] INFO  org.testng.internal.Utils - [TestNG] Running:
  D:\wilson_workspace2025\Opencart_proj\Master.xml

22:11:03.772 [main] INFO  testCases.TC003_Datadriven_Test - ++++++ Starting verify_Datadriven_Test ++++++
22:11:04.283 [main] INFO  testCases.TC003_Datadriven_Test - Clicked on My account link
