<?xml version="1.0" encoding="UTF-8"?>
<testng-results ignored="0" total="2" passed="2" failed="0" skipped="0">
  <reporter-output>
  </reporter-output>
  <suite started-at="2025-11-07T18:07:11 IST" name="Master Suite" finished-at="2025-11-07T18:08:03 IST" duration-ms="51747">
    <groups>
      <group name="Master">
        <method signature="TC001_AccountRegistration_Test.verify_account_registriation()[pri:0, instance:testCases.TC001_AccountRegistration_Test@be68757]" name="verify_account_registriation" class="testCases.TC001_AccountRegistration_Test"/>
        <method signature="TC002_Login_Test.verify_login()[pri:0, instance:testCases.TC002_Login_Test@1b75c2e3]" name="verify_login" class="testCases.TC002_Login_Test"/>
      </group> <!-- Master -->
      <group name="Sanity">
        <method signature="TC002_Login_Test.verify_login()[pri:0, instance:testCases.TC002_Login_Test@1b75c2e3]" name="verify_login" class="testCases.TC002_Login_Test"/>
      </group> <!-- Sanity -->
      <group name="Regression">
        <method signature="TC001_AccountRegistration_Test.verify_account_registriation()[pri:0, instance:testCases.TC001_AccountRegistration_Test@be68757]" name="verify_account_registriation" class="testCases.TC001_AccountRegistration_Test"/>
      </group> <!-- Regression -->
    </groups>
    <test started-at="2025-11-07T18:07:11 IST" name="Test" finished-at="2025-11-07T18:08:03 IST" duration-ms="51747">
      <class name="testCases.TC001_AccountRegistration_Test">
        <test-method is-config="true" signature="setup(java.lang.String,java.lang.String)[pri:0, instance:testCases.TC001_AccountRegistration_Test@be68757]" started-at="2025-11-07T18:07:12 IST" name="setup" finished-at="2025-11-07T18:07:37 IST" duration-ms="24338" status="PASS">
          <params>
            <param index="0">
              <value>
                <![CDATA[windows]]>
              </value>
            </param>
            <param index="1">
              <value>
                <![CDATA[chrome]]>
              </value>
            </param>
          </params>
          <reporter-output>
          </reporter-output>
        </test-method> <!-- setup -->
        <test-method signature="verify_account_registriation()[pri:0, instance:testCases.TC001_AccountRegistration_Test@be68757]" started-at="2025-11-07T18:07:37 IST" name="verify_account_registriation" finished-at="2025-11-07T18:07:42 IST" duration-ms="5485" status="PASS">
          <reporter-output>
          </reporter-output>
        </test-method> <!-- verify_account_registriation -->
        <test-method is-config="true" signature="teardown()[pri:0, instance:testCases.TC001_AccountRegistration_Test@be68757]" started-at="2025-11-07T18:07:42 IST" name="teardown" finished-at="2025-11-07T18:07:44 IST" duration-ms="1271" status="PASS">
          <reporter-output>
          </reporter-output>
        </test-method> <!-- teardown -->
      </class> <!-- testCases.TC001_AccountRegistration_Test -->
      <class name="testCases.TC002_Login_Test">
        <test-method is-config="true" signature="setup(java.lang.String,java.lang.String)[pri:0, instance:testCases.TC002_Login_Test@1b75c2e3]" started-at="2025-11-07T18:07:44 IST" name="setup" finished-at="2025-11-07T18:07:55 IST" duration-ms="10938" status="PASS">
          <params>
            <param index="0">
              <value>
                <![CDATA[windows]]>
              </value>
            </param>
            <param index="1">
              <value>
                <![CDATA[chrome]]>
              </value>
            </param>
          </params>
          <reporter-output>
          </reporter-output>
        </test-method> <!-- setup -->
        <test-method signature="verify_login()[pri:0, instance:testCases.TC002_Login_Test@1b75c2e3]" started-at="2025-11-07T18:07:55 IST" name="verify_login" finished-at="2025-11-07T18:08:03 IST" duration-ms="8031" status="PASS">
          <reporter-output>
          </reporter-output>
        </test-method> <!-- verify_login -->
        <test-method is-config="true" signature="teardown()[pri:0, instance:testCases.TC002_Login_Test@1b75c2e3]" started-at="2025-11-07T18:08:03 IST" name="teardown" finished-at="2025-11-07T18:08:03 IST" duration-ms="675" status="PASS">
          <reporter-output>
          </reporter-output>
        </test-method> <!-- teardown -->
      </class> <!-- testCases.TC002_Login_Test -->
    </test> <!-- Test -->
  </suite> <!-- Master Suite -->
</testng-results>
