<?xml version="1.0" encoding="UTF-8"?>
<testng-results ignored="0" total="2" passed="2" failed="0" skipped="0">
  <reporter-output>
  </reporter-output>
  <suite started-at="2025-11-07T12:25:28 IST" name="Master Suite" finished-at="2025-11-07T12:26:15 IST" duration-ms="46967">
    <groups>
      <group name="Master">
        <method signature="TC001_AccountRegistration_Test.verify_account_registriation()[pri:0, instance:testCases.TC001_AccountRegistration_Test@5460cf3a]" name="verify_account_registriation" class="testCases.TC001_AccountRegistration_Test"/>
        <method signature="TC002_Login_Test.verify_login()[pri:0, instance:testCases.TC002_Login_Test@7e4204e2]" name="verify_login" class="testCases.TC002_Login_Test"/>
      </group> <!-- Master -->
      <group name="Sanity">
        <method signature="TC002_Login_Test.verify_login()[pri:0, instance:testCases.TC002_Login_Test@7e4204e2]" name="verify_login" class="testCases.TC002_Login_Test"/>
      </group> <!-- Sanity -->
      <group name="Regression">
        <method signature="TC001_AccountRegistration_Test.verify_account_registriation()[pri:0, instance:testCases.TC001_AccountRegistration_Test@5460cf3a]" name="verify_account_registriation" class="testCases.TC001_AccountRegistration_Test"/>
      </group> <!-- Regression -->
    </groups>
    <test started-at="2025-11-07T12:25:28 IST" name="Test" finished-at="2025-11-07T12:26:15 IST" duration-ms="46967">
      <class name="testCases.TC001_AccountRegistration_Test">
        <test-method is-config="true" signature="setup(java.lang.String,java.lang.String)[pri:0, instance:testCases.TC001_AccountRegistration_Test@5460cf3a]" started-at="2025-11-07T12:25:29 IST" name="setup" finished-at="2025-11-07T12:25:50 IST" duration-ms="21000" status="PASS">
          <params>
            <param index="0">
              <value>
                <![CDATA[windows]]>
              </value>
            </param>
            <param index="1">
              <value>
                <![CDATA[chrome]]>
              </value>
            </param>
          </params>
          <reporter-output>
          </reporter-output>
        </test-method> <!-- setup -->
        <test-method signature="verify_account_registriation()[pri:0, instance:testCases.TC001_AccountRegistration_Test@5460cf3a]" started-at="2025-11-07T12:25:50 IST" name="verify_account_registriation" finished-at="2025-11-07T12:25:56 IST" duration-ms="5659" status="PASS">
          <reporter-output>
          </reporter-output>
        </test-method> <!-- verify_account_registriation -->
        <test-method is-config="true" signature="teardown()[pri:0, instance:testCases.TC001_AccountRegistration_Test@5460cf3a]" started-at="2025-11-07T12:25:56 IST" name="teardown" finished-at="2025-11-07T12:25:57 IST" duration-ms="1205" status="PASS">
          <reporter-output>
          </reporter-output>
        </test-method> <!-- teardown -->
      </class> <!-- testCases.TC001_AccountRegistration_Test -->
      <class name="testCases.TC002_Login_Test">
        <test-method is-config="true" signature="setup(java.lang.String,java.lang.String)[pri:0, instance:testCases.TC002_Login_Test@7e4204e2]" started-at="2025-11-07T12:25:57 IST" name="setup" finished-at="2025-11-07T12:26:07 IST" duration-ms="10142" status="PASS">
          <params>
            <param index="0">
              <value>
                <![CDATA[windows]]>
              </value>
            </param>
            <param index="1">
              <value>
                <![CDATA[chrome]]>
              </value>
            </param>
          </params>
          <reporter-output>
          </reporter-output>
        </test-method> <!-- setup -->
        <test-method signature="verify_login()[pri:0, instance:testCases.TC002_Login_Test@7e4204e2]" started-at="2025-11-07T12:26:07 IST" name="verify_login" finished-at="2025-11-07T12:26:14 IST" duration-ms="6952" status="PASS">
          <reporter-output>
          </reporter-output>
        </test-method> <!-- verify_login -->
        <test-method is-config="true" signature="teardown()[pri:0, instance:testCases.TC002_Login_Test@7e4204e2]" started-at="2025-11-07T12:26:14 IST" name="teardown" finished-at="2025-11-07T12:26:15 IST" duration-ms="744" status="PASS">
          <reporter-output>
          </reporter-output>
        </test-method> <!-- teardown -->
      </class> <!-- testCases.TC002_Login_Test -->
    </test> <!-- Test -->
  </suite> <!-- Master Suite -->
</testng-results>
